<?xml version="1.0" encoding="UTF-8"?>
<testng-results skipped="0" failed="0" ignored="0" total="2" passed="2">
  <reporter-output>
  </reporter-output>
  <suite name="Suite" duration-ms="78" started-at="2022-08-29T12:56:35 IST" finished-at="2022-08-29T12:56:35 IST">
    <groups>
    </groups>
    <test name="Test" duration-ms="78" started-at="2022-08-29T12:56:35 IST" finished-at="2022-08-29T12:56:35 IST">
      <class name="package1.SchoolTest">
        <test-method status="PASS" signature="sch()[pri:0, instance:package1.SchoolTest@72b6cbcc]" name="sch" duration-ms="12" started-at="2022-08-29T12:56:35 IST" finished-at="2022-08-29T12:56:35 IST">
          <reporter-output>
          </reporter-output>
        </test-method> <!-- sch -->
      </class> <!-- package1.SchoolTest -->
      <class name="package2.CollageTest">
        <test-method status="PASS" signature="coll()[pri:0, instance:package2.CollageTest@2a17b7b6]" name="coll" duration-ms="4" started-at="2022-08-29T12:56:35 IST" finished-at="2022-08-29T12:56:35 IST">
          <reporter-output>
          </reporter-output>
        </test-method> <!-- coll -->
      </class> <!-- package2.CollageTest -->
    </test> <!-- Test -->
  </suite> <!-- Suite -->
</testng-results>
